Построение начато 17.03.2018 15:38:47.
     1>Проект "D:\VS_projects\CrazyTanks\CrazyTanks\CrazyTanks.vcxproj" в узле 2 (целевые объекты build).
     1>InitializeBuildStatus:
         Создание "Debug\CrazyTanks.unsuccessfulbuild", так как было задано "AlwaysCreate".
       ClCompile:
         C:\Program Files (x86)\Microsoft Visual Studio 10.0\VC\bin\CL.exe /c /ZI /nologo /W3 /WX- /Od /Oy- /D _MBCS /Gm /EHsc /RTC1 /MDd /GS /fp:precise /Zc:wchar_t /Zc:forScope /Fo"Debug\\" /Fd"Debug\vc100.pdb" /Gd /TP /analyze- /errorReport:prompt Source\main.cpp
         main.cpp
     1>d:\vs_projects\crazytanks\crazytanks\source\main.cpp(58): warning C4244: аргумент: преобразование "time_t" в "unsigned int", возможна потеря данных
       Link:
         C:\Program Files (x86)\Microsoft Visual Studio 10.0\VC\bin\link.exe /ERRORREPORT:PROMPT /OUT:"D:\VS_projects\CrazyTanks\CrazyTanks\Debug\CrazyTanks.exe" /NOLOGO kernel32.lib user32.lib gdi32.lib winspool.lib comdlg32.lib advapi32.lib shell32.lib ole32.lib oleaut32.lib uuid.lib odbc32.lib odbccp32.lib /MANIFEST /ManifestFile:"Debug\CrazyTanks.exe.intermediate.manifest" /MANIFESTUAC:"level='asInvoker' uiAccess='false'" /DEBUG /PDB:"D:\VS_projects\CrazyTanks\CrazyTanks\Debug\CrazyTanks.pdb" /TLBID:1 /DYNAMICBASE /NXCOMPAT /IMPLIB:"D:\VS_projects\CrazyTanks\CrazyTanks\Debug\CrazyTanks.lib" /MACHINE:X86 Debug\main.obj
         Debug\Tank.obj
         LINK : не найден или не выполнена сборка D:\VS_projects\CrazyTanks\CrazyTanks\Debug\CrazyTanks.exe при последней инкрементной компоновке; выполняется полная компоновка
         CrazyTanks.vcxproj -> D:\VS_projects\CrazyTanks\CrazyTanks\Debug\CrazyTanks.exe
       Manifest:
         C:\Program Files (x86)\Microsoft SDKs\Windows\v7.0A\bin\mt.exe /nologo /verbose /outputresource:"D:\VS_projects\CrazyTanks\CrazyTanks\Debug\CrazyTanks.exe;#1" /manifest Debug\CrazyTanks.exe.intermediate.manifest
       FinalizeBuildStatus:
         Файл "Debug\CrazyTanks.unsuccessfulbuild" удаляется.
         Обращение к "Debug\CrazyTanks.lastbuildstate".
     1>Построение проекта "D:\VS_projects\CrazyTanks\CrazyTanks\CrazyTanks.vcxproj" завершено (целевые объекты build).

Построение успешно завершено.

Затраченное время: 00:00:01.55
